<?xml version="1.0" encoding="UTF-8"?>
<testsuite xmlns:xsi="http://www.w3.org/2001/XMLSchema-instance" xsi:noNamespaceSchemaLocation="https://maven.apache.org/surefire/maven-surefire-plugin/xsd/surefire-test-report-3.0.xsd" version="3.0" name="com.ulp.CalculadoraTest" time="0.43" tests="2" errors="0" skipped="0" failures="0">
  <properties>
[...]
</properties>
  <testcase name="testResta" classname="com.ulp.CalculadoraTest" time="0.218">
    <system-out><![CDATA[Bienvenido a las pruebas de la calculadora
Ejecutando prueba: testResta()
Prueba finalizada, campos en 0
]]></system-out>
  </testcase>
  <testcase name="testSuma" classname="com.ulp.CalculadoraTest" time="0.01">
    <system-out><![CDATA[Ejecutando prueba: testSuma()
Prueba finalizada, campos en 0
]]></system-out>
  </testcase>
</testsuite>